<?xml version="1.0" encoding="UTF-8"?>
<coverage generated="1619114298636" clover="3.2.0">
  <project timestamp="1619114298636" name="All files">
    <metrics statements="69" coveredstatements="65" conditionals="12" coveredconditionals="11" methods="33" coveredmethods="31" elements="114" coveredelements="107" complexity="0" loc="69" ncloc="69" packages="7" files="12" classes="12"/>
    <package name="src">
      <metrics statements="2" coveredstatements="2" conditionals="0" coveredconditionals="0" methods="0" coveredmethods="0"/>
      <file name="App.vue" path="C:\Users\bsangani\Downloads\vuejs\tv_show_assessment\src\App.vue">
        <metrics statements="2" coveredstatements="2" conditionals="0" coveredconditionals="0" methods="0" coveredmethods="0"/>
        <line num="12" count="1" type="stmt"/>
        <line num="13" count="1" type="stmt"/>
      </file>
    </package>
    <package name="src.components">
      <metrics statements="34" coveredstatements="30" conditionals="10" coveredconditionals="9" methods="17" coveredmethods="15"/>
      <file name="Cast.vue" path="C:\Users\bsangani\Downloads\vuejs\tv_show_assessment\src\components\Cast.vue">
        <metrics statements="5" coveredstatements="5" conditionals="8" coveredconditionals="8" methods="1" coveredmethods="1"/>
        <line num="25" count="15" type="cond" truecount="2" falsecount="0"/>
        <line num="26" count="3" type="cond" truecount="2" falsecount="0"/>
        <line num="30" count="12" type="cond" truecount="2" falsecount="0"/>
        <line num="31" count="7" type="cond" truecount="2" falsecount="0"/>
        <line num="33" count="5" type="stmt"/>
      </file>
      <file name="Footer.vue" path="C:\Users\bsangani\Downloads\vuejs\tv_show_assessment\src\components\Footer.vue">
        <metrics statements="2" coveredstatements="2" conditionals="0" coveredconditionals="0" methods="1" coveredmethods="1"/>
        <line num="9" count="2" type="stmt"/>
        <line num="14" count="2" type="stmt"/>
      </file>
      <file name="FullDetailsOfShow.vue" path="C:\Users\bsangani\Downloads\vuejs\tv_show_assessment\src\components\FullDetailsOfShow.vue">
        <metrics statements="14" coveredstatements="14" conditionals="0" coveredconditionals="0" methods="6" coveredmethods="6"/>
        <line num="119" count="2" type="stmt"/>
        <line num="120" count="2" type="stmt"/>
        <line num="121" count="2" type="stmt"/>
        <line num="134" count="3" type="stmt"/>
        <line num="144" count="3" type="stmt"/>
        <line num="148" count="3" type="stmt"/>
        <line num="149" count="3" type="stmt"/>
        <line num="151" count="3" type="stmt"/>
        <line num="152" count="3" type="stmt"/>
        <line num="154" count="3" type="stmt"/>
        <line num="155" count="3" type="stmt"/>
        <line num="157" count="3" type="stmt"/>
        <line num="158" count="3" type="stmt"/>
        <line num="159" count="3" type="stmt"/>
      </file>
      <file name="Header.vue" path="C:\Users\bsangani\Downloads\vuejs\tv_show_assessment\src\components\Header.vue">
        <metrics statements="3" coveredstatements="1" conditionals="0" coveredconditionals="0" methods="2" coveredmethods="1"/>
        <line num="40" count="2" type="stmt"/>
        <line num="46" count="0" type="stmt"/>
        <line num="52" count="0" type="stmt"/>
      </file>
      <file name="PageNotFound.vue" path="C:\Users\bsangani\Downloads\vuejs\tv_show_assessment\src\components\PageNotFound.vue">
        <metrics statements="1" coveredstatements="1" conditionals="0" coveredconditionals="0" methods="1" coveredmethods="1"/>
        <line num="26" count="2" type="stmt"/>
      </file>
      <file name="Search.vue" path="C:\Users\bsangani\Downloads\vuejs\tv_show_assessment\src\components\Search.vue">
        <metrics statements="9" coveredstatements="7" conditionals="2" coveredconditionals="1" methods="6" coveredmethods="5"/>
        <line num="31" count="2" type="stmt"/>
        <line num="32" count="2" type="stmt"/>
        <line num="39" count="3" type="stmt"/>
        <line num="44" count="3" type="stmt"/>
        <line num="53" count="3" type="stmt"/>
        <line num="54" count="9" type="stmt"/>
        <line num="57" count="3" type="cond" truecount="1" falsecount="1"/>
        <line num="58" count="0" type="stmt"/>
        <line num="66" count="0" type="stmt"/>
      </file>
    </package>
    <package name="src.filters">
      <metrics statements="1" coveredstatements="1" conditionals="0" coveredconditionals="0" methods="1" coveredmethods="1"/>
      <file name="dateFilter.js" path="C:\Users\bsangani\Downloads\vuejs\tv_show_assessment\src\filters\dateFilter.js">
        <metrics statements="1" coveredstatements="1" conditionals="0" coveredconditionals="0" methods="1" coveredmethods="1"/>
        <line num="2" count="2" type="stmt"/>
      </file>
    </package>
    <package name="src.router">
      <metrics statements="3" coveredstatements="3" conditionals="0" coveredconditionals="0" methods="0" coveredmethods="0"/>
      <file name="index.js" path="C:\Users\bsangani\Downloads\vuejs\tv_show_assessment\src\router\index.js">
        <metrics statements="3" coveredstatements="3" conditionals="0" coveredconditionals="0" methods="0" coveredmethods="0"/>
        <line num="8" count="2" type="stmt"/>
        <line num="10" count="2" type="stmt"/>
        <line num="34" count="2" type="stmt"/>
      </file>
    </package>
    <package name="src.service">
      <metrics statements="6" coveredstatements="6" conditionals="0" coveredconditionals="0" methods="5" coveredmethods="5"/>
      <file name="tvShow.api.js" path="C:\Users\bsangani\Downloads\vuejs\tv_show_assessment\src\service\tvShow.api.js">
        <metrics statements="6" coveredstatements="6" conditionals="0" coveredconditionals="0" methods="5" coveredmethods="5"/>
        <line num="2" count="4" type="stmt"/>
        <line num="4" count="7" type="stmt"/>
        <line num="7" count="3" type="stmt"/>
        <line num="11" count="3" type="stmt"/>
        <line num="14" count="4" type="stmt"/>
        <line num="17" count="4" type="stmt"/>
      </file>
    </package>
    <package name="src.views">
      <metrics statements="12" coveredstatements="12" conditionals="2" coveredconditionals="2" methods="10" coveredmethods="10"/>
      <file name="DisplayAllShows.vue" path="C:\Users\bsangani\Downloads\vuejs\tv_show_assessment\src\views\DisplayAllShows.vue">
        <metrics statements="12" coveredstatements="12" conditionals="2" coveredconditionals="2" methods="10" coveredmethods="10"/>
        <line num="41" count="3" type="stmt"/>
        <line num="42" count="3" type="stmt"/>
        <line num="46" count="6" type="stmt"/>
        <line num="55" count="6" type="stmt"/>
        <line num="56" count="1" type="stmt"/>
        <line num="57" count="1" type="stmt"/>
        <line num="62" count="18" type="stmt"/>
        <line num="65" count="9" type="stmt"/>
        <line num="68" count="9" type="stmt"/>
        <line num="69" count="9" type="stmt"/>
        <line num="75" count="27" type="stmt"/>
        <line num="83" count="45" type="cond" truecount="2" falsecount="0"/>
      </file>
    </package>
    <package name="tests.unit">
      <metrics statements="11" coveredstatements="11" conditionals="0" coveredconditionals="0" methods="0" coveredmethods="0"/>
      <file name="api-data.js" path="C:\Users\bsangani\Downloads\vuejs\tv_show_assessment\tests\unit\api-data.js">
        <metrics statements="11" coveredstatements="11" conditionals="0" coveredconditionals="0" methods="0" coveredmethods="0"/>
        <line num="1" count="4" type="stmt"/>
        <line num="22" count="4" type="stmt"/>
        <line num="46" count="4" type="stmt"/>
        <line num="70" count="4" type="stmt"/>
        <line num="72" count="4" type="stmt"/>
        <line num="118" count="4" type="stmt"/>
        <line num="135" count="4" type="stmt"/>
        <line num="187" count="4" type="stmt"/>
        <line num="218" count="4" type="stmt"/>
        <line num="263" count="4" type="stmt"/>
        <line num="364" count="4" type="stmt"/>
      </file>
    </package>
  </project>
</coverage>
