{"C:\\Users\\bsangani\\Downloads\\vuejs\\tv_show_assessment\\src\\App.vue": {"path":"C:\\Users\\bsangani\\Downloads\\vuejs\\tv_show_assessment\\src\\App.vue","statementMap":{"0":{"start":{"line":12,"column":0},"end":{"line":12,"column":null}},"1":{"start":{"line":13,"column":0},"end":{"line":13,"column":null}}},"fnMap":{},"branchMap":{},"s":{"0":1,"1":1},"f":{},"b":{}}
,"C:\\Users\\bsangani\\Downloads\\vuejs\\tv_show_assessment\\src\\components\\Card.vue": {"path":"C:\\Users\\bsangani\\Downloads\\vuejs\\tv_show_assessment\\src\\components\\Card.vue","statementMap":{"0":{"start":{"line":50,"column":0},"end":{"line":50,"column":null}}},"fnMap":{"0":{"name":"(anonymous_1)","decl":{"start":{"line":49,"column":0},"end":{"line":49,"column":null}},"loc":{"start":{"line":49,"column":0},"end":{"line":54,"column":null}}}},"branchMap":{},"s":{"0":1},"f":{"0":1},"b":{}}
,"C:\\Users\\bsangani\\Downloads\\vuejs\\tv_show_assessment\\src\\components\\Cast.vue": {"path":"C:\\Users\\bsangani\\Downloads\\vuejs\\tv_show_assessment\\src\\components\\Cast.vue","statementMap":{"0":{"start":{"line":22,"column":0},"end":{"line":22,"column":null}},"1":{"start":{"line":31,"column":0},"end":{"line":35,"column":null}},"2":{"start":{"line":32,"column":0},"end":{"line":32,"column":null}},"3":{"start":{"line":36,"column":0},"end":{"line":38,"column":null}},"4":{"start":{"line":37,"column":0},"end":{"line":37,"column":null}},"5":{"start":{"line":39,"column":0},"end":{"line":39,"column":null}}},"fnMap":{"0":{"name":"(anonymous_1)","decl":{"start":{"line":30,"column":0},"end":{"line":30,"column":null}},"loc":{"start":{"line":30,"column":0},"end":{"line":40,"column":null}}}},"branchMap":{"0":{"loc":{"start":{"line":31,"column":0},"end":{"line":35,"column":null}},"type":"if","locations":[{"start":{"line":31,"column":0},"end":{"line":35,"column":null}},{"start":{"line":31,"column":0},"end":{"line":35,"column":null}}]},"1":{"loc":{"start":{"line":32,"column":0},"end":{"line":32,"column":null}},"type":"binary-expr","locations":[{"start":{"line":32,"column":0},"end":{"line":32,"column":null}},{"start":{"line":32,"column":0},"end":{"line":32,"column":null}}]},"2":{"loc":{"start":{"line":36,"column":0},"end":{"line":38,"column":null}},"type":"if","locations":[{"start":{"line":36,"column":0},"end":{"line":38,"column":null}},{"start":{"line":36,"column":0},"end":{"line":38,"column":null}}]},"3":{"loc":{"start":{"line":37,"column":0},"end":{"line":37,"column":null}},"type":"binary-expr","locations":[{"start":{"line":37,"column":0},"end":{"line":37,"column":null}},{"start":{"line":37,"column":0},"end":{"line":37,"column":null}}]}},"s":{"0":5,"1":21,"2":7,"3":14,"4":9,"5":5},"f":{"0":21},"b":{"0":[7,14],"1":[7,3],"2":[9,5],"3":[9,5]}}
,"C:\\Users\\bsangani\\Downloads\\vuejs\\tv_show_assessment\\src\\components\\FullDetailsOfShow.vue": {"path":"C:\\Users\\bsangani\\Downloads\\vuejs\\tv_show_assessment\\src\\components\\FullDetailsOfShow.vue","statementMap":{"0":{"start":{"line":137,"column":0},"end":{"line":137,"column":null}},"1":{"start":{"line":138,"column":0},"end":{"line":138,"column":null}},"2":{"start":{"line":139,"column":0},"end":{"line":139,"column":null}},"3":{"start":{"line":152,"column":0},"end":{"line":152,"column":null}},"4":{"start":{"line":162,"column":0},"end":{"line":162,"column":null}},"5":{"start":{"line":166,"column":0},"end":{"line":168,"column":null}},"6":{"start":{"line":167,"column":0},"end":{"line":167,"column":null}},"7":{"start":{"line":169,"column":0},"end":{"line":171,"column":null}},"8":{"start":{"line":170,"column":0},"end":{"line":170,"column":null}},"9":{"start":{"line":172,"column":0},"end":{"line":174,"column":null}},"10":{"start":{"line":173,"column":0},"end":{"line":173,"column":null}},"11":{"start":{"line":175,"column":0},"end":{"line":175,"column":null}},"12":{"start":{"line":176,"column":0},"end":{"line":176,"column":null}},"13":{"start":{"line":177,"column":0},"end":{"line":177,"column":null}}},"fnMap":{"0":{"name":"(anonymous_1)","decl":{"start":{"line":151,"column":0},"end":{"line":151,"column":null}},"loc":{"start":{"line":151,"column":0},"end":{"line":160,"column":null}}},"1":{"name":"(anonymous_2)","decl":{"start":{"line":161,"column":0},"end":{"line":161,"column":null}},"loc":{"start":{"line":161,"column":0},"end":{"line":163,"column":null}}},"2":{"name":"(anonymous_3)","decl":{"start":{"line":165,"column":0},"end":{"line":165,"column":null}},"loc":{"start":{"line":165,"column":0},"end":{"line":178,"column":null}}},"3":{"name":"(anonymous_4)","decl":{"start":{"line":166,"column":0},"end":{"line":166,"column":null}},"loc":{"start":{"line":166,"column":0},"end":{"line":168,"column":null}}},"4":{"name":"(anonymous_5)","decl":{"start":{"line":169,"column":0},"end":{"line":169,"column":null}},"loc":{"start":{"line":169,"column":0},"end":{"line":171,"column":null}}},"5":{"name":"(anonymous_6)","decl":{"start":{"line":172,"column":0},"end":{"line":172,"column":null}},"loc":{"start":{"line":172,"column":0},"end":{"line":174,"column":null}}}},"branchMap":{},"s":{"0":4,"1":4,"2":4,"3":3,"4":3,"5":3,"6":3,"7":3,"8":3,"9":3,"10":3,"11":3,"12":3,"13":3},"f":{"0":3,"1":3,"2":3,"3":3,"4":3,"5":3},"b":{}}
,"C:\\Users\\bsangani\\Downloads\\vuejs\\tv_show_assessment\\src\\components\\Header.vue": {"path":"C:\\Users\\bsangani\\Downloads\\vuejs\\tv_show_assessment\\src\\components\\Header.vue","statementMap":{"0":{"start":{"line":44,"column":0},"end":{"line":44,"column":null}},"1":{"start":{"line":50,"column":0},"end":{"line":50,"column":null}},"2":{"start":{"line":56,"column":0},"end":{"line":56,"column":null}}},"fnMap":{"0":{"name":"(anonymous_1)","decl":{"start":{"line":43,"column":0},"end":{"line":43,"column":null}},"loc":{"start":{"line":43,"column":0},"end":{"line":47,"column":null}}},"1":{"name":"(anonymous_2)","decl":{"start":{"line":49,"column":0},"end":{"line":49,"column":null}},"loc":{"start":{"line":49,"column":0},"end":{"line":57,"column":null}}}},"branchMap":{},"s":{"0":3,"1":1,"2":1},"f":{"0":3,"1":1},"b":{}}
,"C:\\Users\\bsangani\\Downloads\\vuejs\\tv_show_assessment\\src\\components\\Search.vue": {"path":"C:\\Users\\bsangani\\Downloads\\vuejs\\tv_show_assessment\\src\\components\\Search.vue","statementMap":{"0":{"start":{"line":31,"column":0},"end":{"line":31,"column":null}},"1":{"start":{"line":32,"column":0},"end":{"line":32,"column":null}},"2":{"start":{"line":39,"column":0},"end":{"line":39,"column":null}},"3":{"start":{"line":44,"column":0},"end":{"line":44,"column":null}},"4":{"start":{"line":48,"column":0},"end":{"line":50,"column":null}},"5":{"start":{"line":49,"column":0},"end":{"line":49,"column":null}},"6":{"start":{"line":51,"column":0},"end":{"line":55,"column":null}},"7":{"start":{"line":52,"column":0},"end":{"line":52,"column":null}},"8":{"start":{"line":60,"column":0},"end":{"line":60,"column":null}}},"fnMap":{"0":{"name":"(anonymous_1)","decl":{"start":{"line":38,"column":0},"end":{"line":38,"column":null}},"loc":{"start":{"line":38,"column":0},"end":{"line":42,"column":null}}},"1":{"name":"(anonymous_2)","decl":{"start":{"line":43,"column":0},"end":{"line":43,"column":null}},"loc":{"start":{"line":43,"column":0},"end":{"line":45,"column":null}}},"2":{"name":"(anonymous_3)","decl":{"start":{"line":47,"column":0},"end":{"line":47,"column":null}},"loc":{"start":{"line":47,"column":0},"end":{"line":56,"column":null}}},"3":{"name":"(anonymous_4)","decl":{"start":{"line":48,"column":0},"end":{"line":48,"column":null}},"loc":{"start":{"line":48,"column":0},"end":{"line":50,"column":null}}},"4":{"name":"(anonymous_5)","decl":{"start":{"line":49,"column":0},"end":{"line":49,"column":null}},"loc":{"start":{"line":49,"column":0},"end":{"line":49,"column":null}}},"5":{"name":"(anonymous_6)","decl":{"start":{"line":59,"column":0},"end":{"line":59,"column":null}},"loc":{"start":{"line":59,"column":0},"end":{"line":61,"column":null}}}},"branchMap":{"0":{"loc":{"start":{"line":51,"column":0},"end":{"line":55,"column":null}},"type":"if","locations":[{"start":{"line":51,"column":0},"end":{"line":55,"column":null}},{"start":{"line":51,"column":0},"end":{"line":55,"column":null}}]}},"s":{"0":4,"1":4,"2":3,"3":3,"4":3,"5":9,"6":3,"7":0,"8":0},"f":{"0":3,"1":3,"2":3,"3":3,"4":6,"5":0},"b":{"0":[0,3]}}
,"C:\\Users\\bsangani\\Downloads\\vuejs\\tv_show_assessment\\src\\router\\index.js": {"path":"C:\\Users\\bsangani\\Downloads\\vuejs\\tv_show_assessment\\src\\router\\index.js","statementMap":{"0":{"start":{"line":8,"column":0},"end":{"line":8,"column":19}},"1":{"start":{"line":10,"column":15},"end":{"line":32,"column":1}},"2":{"start":{"line":34,"column":15},"end":{"line":38,"column":2}}},"fnMap":{},"branchMap":{},"s":{"0":4,"1":4,"2":4},"f":{},"b":{},"_coverageSchema":"43e27e138ebf9cfc5966b082cf9a028302ed4184","hash":"27bb5e96464212abdf57a1e5961379f3621867f5"}
,"C:\\Users\\bsangani\\Downloads\\vuejs\\tv_show_assessment\\src\\service\\tvShow.api.js": {"path":"C:\\Users\\bsangani\\Downloads\\vuejs\\tv_show_assessment\\src\\service\\tvShow.api.js","statementMap":{"0":{"start":{"line":2,"column":12},"end":{"line":2,"column":36}},"1":{"start":{"line":4,"column":2},"end":{"line":4,"column":34}},"2":{"start":{"line":7,"column":2},"end":{"line":7,"column":40}},"3":{"start":{"line":11,"column":2},"end":{"line":11,"column":48}},"4":{"start":{"line":14,"column":2},"end":{"line":14,"column":45}},"5":{"start":{"line":17,"column":2},"end":{"line":17,"column":52}}},"fnMap":{"0":{"name":"getAllShows","decl":{"start":{"line":3,"column":16},"end":{"line":3,"column":27}},"loc":{"start":{"line":3,"column":30},"end":{"line":5,"column":1}},"line":3},"1":{"name":"getShowDetails","decl":{"start":{"line":6,"column":16},"end":{"line":6,"column":30}},"loc":{"start":{"line":6,"column":35},"end":{"line":8,"column":1}},"line":6},"2":{"name":"getShowSeason","decl":{"start":{"line":10,"column":16},"end":{"line":10,"column":29}},"loc":{"start":{"line":10,"column":34},"end":{"line":12,"column":1}},"line":10},"3":{"name":"getShowCasts","decl":{"start":{"line":13,"column":16},"end":{"line":13,"column":28}},"loc":{"start":{"line":13,"column":33},"end":{"line":15,"column":1}},"line":13},"4":{"name":"searchShows","decl":{"start":{"line":16,"column":16},"end":{"line":16,"column":27}},"loc":{"start":{"line":16,"column":35},"end":{"line":18,"column":1}},"line":16}},"branchMap":{},"s":{"0":6,"1":7,"2":3,"3":3,"4":4,"5":4},"f":{"0":7,"1":3,"2":3,"3":4,"4":4},"b":{},"_coverageSchema":"43e27e138ebf9cfc5966b082cf9a028302ed4184","hash":"ab2273051bbb4b29b4c167ca81c244f14fcb33eb"}
,"C:\\Users\\bsangani\\Downloads\\vuejs\\tv_show_assessment\\src\\views\\DisplayAllShows.vue": {"path":"C:\\Users\\bsangani\\Downloads\\vuejs\\tv_show_assessment\\src\\views\\DisplayAllShows.vue","statementMap":{"0":{"start":{"line":58,"column":0},"end":{"line":58,"column":null}},"1":{"start":{"line":59,"column":0},"end":{"line":59,"column":null}},"2":{"start":{"line":63,"column":0},"end":{"line":63,"column":null}},"3":{"start":{"line":73,"column":0},"end":{"line":76,"column":null}},"4":{"start":{"line":74,"column":0},"end":{"line":74,"column":null}},"5":{"start":{"line":75,"column":0},"end":{"line":75,"column":null}},"6":{"start":{"line":81,"column":0},"end":{"line":81,"column":null}},"7":{"start":{"line":84,"column":0},"end":{"line":84,"column":null}},"8":{"start":{"line":88,"column":0},"end":{"line":95,"column":null}},"9":{"start":{"line":89,"column":0},"end":{"line":89,"column":null}},"10":{"start":{"line":91,"column":0},"end":{"line":91,"column":null}},"11":{"start":{"line":101,"column":0},"end":{"line":101,"column":null}}},"fnMap":{"0":{"name":"(anonymous_1)","decl":{"start":{"line":62,"column":0},"end":{"line":62,"column":null}},"loc":{"start":{"line":62,"column":0},"end":{"line":67,"column":null}}},"1":{"name":"(anonymous_2)","decl":{"start":{"line":71,"column":0},"end":{"line":71,"column":null}},"loc":{"start":{"line":71,"column":0},"end":{"line":77,"column":null}}},"2":{"name":"(anonymous_3)","decl":{"start":{"line":73,"column":0},"end":{"line":73,"column":null}},"loc":{"start":{"line":73,"column":0},"end":{"line":76,"column":null}}},"3":{"name":"(anonymous_4)","decl":{"start":{"line":80,"column":0},"end":{"line":80,"column":null}},"loc":{"start":{"line":80,"column":0},"end":{"line":85,"column":null}}},"4":{"name":"(anonymous_5)","decl":{"start":{"line":81,"column":0},"end":{"line":81,"column":null}},"loc":{"start":{"line":81,"column":0},"end":{"line":81,"column":null}}},"5":{"name":"(anonymous_6)","decl":{"start":{"line":87,"column":0},"end":{"line":87,"column":null}},"loc":{"start":{"line":87,"column":0},"end":{"line":96,"column":null}}},"6":{"name":"(anonymous_7)","decl":{"start":{"line":88,"column":0},"end":{"line":88,"column":null}},"loc":{"start":{"line":88,"column":0},"end":{"line":95,"column":null}}},"7":{"name":"(anonymous_8)","decl":{"start":{"line":91,"column":0},"end":{"line":91,"column":null}},"loc":{"start":{"line":91,"column":0},"end":{"line":91,"column":null}}},"8":{"name":"(anonymous_9)","decl":{"start":{"line":100,"column":0},"end":{"line":100,"column":null}},"loc":{"start":{"line":100,"column":0},"end":{"line":107,"column":null}}},"9":{"name":"(anonymous_10)","decl":{"start":{"line":101,"column":0},"end":{"line":101,"column":null}},"loc":{"start":{"line":101,"column":0},"end":{"line":101,"column":null}}}},"branchMap":{"0":{"loc":{"start":{"line":101,"column":0},"end":{"line":101,"column":null}},"type":"cond-expr","locations":[{"start":{"line":101,"column":0},"end":{"line":101,"column":null}},{"start":{"line":101,"column":0},"end":{"line":101,"column":null}}]}},"s":{"0":5,"1":5,"2":6,"3":6,"4":1,"5":1,"6":18,"7":9,"8":9,"9":9,"10":27,"11":45},"f":{"0":6,"1":6,"2":1,"3":9,"4":9,"5":9,"6":9,"7":27,"8":12,"9":33},"b":{"0":[1,5]}}
,"C:\\Users\\bsangani\\Downloads\\vuejs\\tv_show_assessment\\tests\\unit\\api-data.js": {"path":"C:\\Users\\bsangani\\Downloads\\vuejs\\tv_show_assessment\\tests\\unit\\api-data.js","statementMap":{"0":{"start":{"line":1,"column":27},"end":{"line":20,"column":1}},"1":{"start":{"line":22,"column":25},"end":{"line":44,"column":1}},"2":{"start":{"line":46,"column":33},"end":{"line":68,"column":1}},"3":{"start":{"line":70,"column":26},"end":{"line":70,"column":57}},"4":{"start":{"line":72,"column":33},"end":{"line":116,"column":1}},"5":{"start":{"line":118,"column":31},"end":{"line":133,"column":1}},"6":{"start":{"line":135,"column":27},"end":{"line":186,"column":1}},"7":{"start":{"line":187,"column":27},"end":{"line":216,"column":1}},"8":{"start":{"line":218,"column":24},"end":{"line":261,"column":1}},"9":{"start":{"line":263,"column":26},"end":{"line":362,"column":1}},"10":{"start":{"line":364,"column":38},"end":{"line":387,"column":1}}},"fnMap":{},"branchMap":{},"s":{"0":4,"1":4,"2":4,"3":4,"4":4,"5":4,"6":4,"7":4,"8":4,"9":4,"10":4},"f":{},"b":{},"_coverageSchema":"43e27e138ebf9cfc5966b082cf9a028302ed4184","hash":"b7d66fcbceb61c59f2a590bcc8be4f25b80ec996"}
}
