TN:
SF:C:\Users\bsangani\Downloads\vuejs\tv_show_assessment\src\App.vue
FNF:0
FNH:0
DA:12,1
DA:13,1
LF:2
LH:2
BRF:0
BRH:0
end_of_record
TN:
SF:C:\Users\bsangani\Downloads\vuejs\tv_show_assessment\src\components\Card.vue
FN:39,(anonymous_1)
FNF:1
FNH:0
FNDA:0,(anonymous_1)
DA:40,0
LF:1
LH:0
BRF:0
BRH:0
end_of_record
TN:
SF:C:\Users\bsangani\Downloads\vuejs\tv_show_assessment\src\components\Cast.vue
FN:20,(anonymous_1)
FNF:1
FNH:0
FNDA:0,(anonymous_1)
DA:21,0
LF:1
LH:0
BRF:0
BRH:0
end_of_record
TN:
SF:C:\Users\bsangani\Downloads\vuejs\tv_show_assessment\src\components\Footer.vue
FN:13,(anonymous_1)
FNF:1
FNH:0
FNDA:0,(anonymous_1)
DA:9,1
DA:14,0
LF:2
LH:1
BRF:0
BRH:0
end_of_record
TN:
SF:C:\Users\bsangani\Downloads\vuejs\tv_show_assessment\src\components\FullDetailsOfShow.vue
FN:133,(anonymous_1)
FN:143,(anonymous_2)
FN:147,(anonymous_3)
FN:148,(anonymous_4)
FN:151,(anonymous_5)
FN:154,(anonymous_6)
FNF:6
FNH:0
FNDA:0,(anonymous_1)
FNDA:0,(anonymous_2)
FNDA:0,(anonymous_3)
FNDA:0,(anonymous_4)
FNDA:0,(anonymous_5)
FNDA:0,(anonymous_6)
DA:119,0
DA:120,0
DA:121,0
DA:134,0
DA:144,0
DA:148,0
DA:149,0
DA:151,0
DA:152,0
DA:154,0
DA:155,0
DA:157,0
DA:158,0
DA:159,0
LF:14
LH:0
BRF:0
BRH:0
end_of_record
TN:
SF:C:\Users\bsangani\Downloads\vuejs\tv_show_assessment\src\components\Header.vue
FN:41,(anonymous_1)
FN:47,(anonymous_2)
FNF:2
FNH:0
FNDA:0,(anonymous_1)
FNDA:0,(anonymous_2)
DA:42,0
DA:50,0
DA:57,0
LF:3
LH:0
BRF:0
BRH:0
end_of_record
TN:
SF:C:\Users\bsangani\Downloads\vuejs\tv_show_assessment\src\components\PageNotFound.vue
FN:25,(anonymous_1)
FNF:1
FNH:0
FNDA:0,(anonymous_1)
DA:26,0
LF:1
LH:0
BRF:0
BRH:0
end_of_record
TN:
SF:C:\Users\bsangani\Downloads\vuejs\tv_show_assessment\src\components\Search.vue
FN:38,(anonymous_1)
FN:43,(anonymous_2)
FN:47,(anonymous_3)
FN:53,(anonymous_4)
FN:54,(anonymous_5)
FN:65,(anonymous_6)
FNF:6
FNH:0
FNDA:0,(anonymous_1)
FNDA:0,(anonymous_2)
FNDA:0,(anonymous_3)
FNDA:0,(anonymous_4)
FNDA:0,(anonymous_5)
FNDA:0,(anonymous_6)
DA:31,0
DA:32,0
DA:39,0
DA:44,0
DA:53,0
DA:54,0
DA:57,0
DA:58,0
DA:66,0
LF:9
LH:0
BRDA:57,0,0,0
BRDA:57,0,1,0
BRF:2
BRH:0
end_of_record
TN:
SF:C:\Users\bsangani\Downloads\vuejs\tv_show_assessment\src\components\Season.vue
FN:20,(anonymous_1)
FNF:1
FNH:0
FNDA:0,(anonymous_1)
DA:21,0
LF:1
LH:0
BRF:0
BRH:0
end_of_record
TN:
SF:C:\Users\bsangani\Downloads\vuejs\tv_show_assessment\src\filters\dateFilter.js
FN:2,(anonymous_0)
FNF:1
FNH:0
FNDA:0,(anonymous_0)
DA:2,1
LF:1
LH:1
BRF:0
BRH:0
end_of_record
TN:
SF:C:\Users\bsangani\Downloads\vuejs\tv_show_assessment\src\router\index.js
FNF:0
FNH:0
DA:8,0
DA:10,0
DA:34,0
LF:3
LH:0
BRF:0
BRH:0
end_of_record
TN:
SF:C:\Users\bsangani\Downloads\vuejs\tv_show_assessment\src\service\tvShow.api.js
FN:3,getAllShows
FN:6,getShowDetails
FN:10,getShowSeason
FN:13,getShowCasts
FN:16,searchShows
FNF:5
FNH:0
FNDA:0,getAllShows
FNDA:0,getShowDetails
FNDA:0,getShowSeason
FNDA:0,getShowCasts
FNDA:0,searchShows
DA:2,0
DA:4,0
DA:7,0
DA:11,0
DA:14,0
DA:17,0
LF:6
LH:0
BRF:0
BRH:0
end_of_record
TN:
SF:C:\Users\bsangani\Downloads\vuejs\tv_show_assessment\src\views\DisplayAllShows.vue
FN:42,(anonymous_1)
FN:51,(anonymous_2)
FN:52,(anonymous_3)
FN:58,(anonymous_4)
FN:59,(anonymous_5)
FN:64,(anonymous_6)
FN:65,(anonymous_7)
FN:72,(anonymous_8)
FN:78,(anonymous_9)
FN:80,(anonymous_10)
FNF:10
FNH:0
FNDA:0,(anonymous_1)
FNDA:0,(anonymous_2)
FNDA:0,(anonymous_3)
FNDA:0,(anonymous_4)
FNDA:0,(anonymous_5)
FNDA:0,(anonymous_6)
FNDA:0,(anonymous_7)
FNDA:0,(anonymous_8)
FNDA:0,(anonymous_9)
FNDA:0,(anonymous_10)
DA:38,0
DA:39,0
DA:43,0
DA:52,0
DA:53,0
DA:54,0
DA:59,0
DA:62,0
DA:65,0
DA:66,0
DA:72,0
DA:80,0
LF:12
LH:0
BRDA:80,0,0,0
BRDA:80,0,1,0
BRF:2
BRH:0
end_of_record
