TN:
SF:C:\Users\bsangani\Downloads\vuejs\tv_show_assessment\src\App.vue
FNF:0
FNH:0
DA:12,1
DA:13,1
LF:2
LH:2
BRF:0
BRH:0
end_of_record
TN:
SF:C:\Users\bsangani\Downloads\vuejs\tv_show_assessment\src\components\Cast.vue
FN:28,(anonymous_1)
FNF:1
FNH:1
FNDA:21,(anonymous_1)
DA:29,21
DA:30,7
DA:34,14
DA:35,9
DA:37,5
LF:5
LH:5
BRDA:29,0,0,7
BRDA:29,0,1,14
BRDA:30,1,0,7
BRDA:30,1,1,3
BRDA:34,2,0,9
BRDA:34,2,1,5
BRDA:35,3,0,9
BRDA:35,3,1,5
BRF:8
BRH:8
end_of_record
TN:
SF:C:\Users\bsangani\Downloads\vuejs\tv_show_assessment\src\components\FullDetailsOfShow.vue
FN:153,(anonymous_1)
FN:163,(anonymous_2)
FN:167,(anonymous_3)
FN:168,(anonymous_4)
FN:171,(anonymous_5)
FN:174,(anonymous_6)
FNF:6
FNH:6
FNDA:3,(anonymous_1)
FNDA:3,(anonymous_2)
FNDA:3,(anonymous_3)
FNDA:3,(anonymous_4)
FNDA:3,(anonymous_5)
FNDA:3,(anonymous_6)
DA:139,2
DA:140,2
DA:141,2
DA:154,3
DA:164,3
DA:168,3
DA:169,3
DA:171,3
DA:172,3
DA:174,3
DA:175,3
DA:177,3
DA:178,3
DA:179,3
LF:14
LH:14
BRF:0
BRH:0
end_of_record
TN:
SF:C:\Users\bsangani\Downloads\vuejs\tv_show_assessment\src\components\Header.vue
FN:34,(anonymous_1)
FN:40,(anonymous_2)
FNF:2
FNH:1
FNDA:2,(anonymous_1)
FNDA:0,(anonymous_2)
DA:35,2
DA:41,0
DA:47,0
LF:3
LH:1
BRF:0
BRH:0
end_of_record
TN:
SF:C:\Users\bsangani\Downloads\vuejs\tv_show_assessment\src\components\Search.vue
FN:38,(anonymous_1)
FN:43,(anonymous_2)
FN:47,(anonymous_3)
FN:53,(anonymous_4)
FN:54,(anonymous_5)
FN:64,(anonymous_6)
FNF:6
FNH:5
FNDA:3,(anonymous_1)
FNDA:3,(anonymous_2)
FNDA:3,(anonymous_3)
FNDA:3,(anonymous_4)
FNDA:6,(anonymous_5)
FNDA:0,(anonymous_6)
DA:31,2
DA:32,2
DA:39,3
DA:44,3
DA:53,3
DA:54,9
DA:56,3
DA:57,0
DA:65,0
LF:9
LH:7
BRDA:56,0,0,0
BRDA:56,0,1,3
BRF:2
BRH:1
end_of_record
TN:
SF:C:\Users\bsangani\Downloads\vuejs\tv_show_assessment\src\router\index.js
FNF:0
FNH:0
DA:8,2
DA:10,2
DA:34,2
LF:3
LH:3
BRF:0
BRH:0
end_of_record
TN:
SF:C:\Users\bsangani\Downloads\vuejs\tv_show_assessment\src\service\tvShow.api.js
FN:3,getAllShows
FN:6,getShowDetails
FN:10,getShowSeason
FN:13,getShowCasts
FN:16,searchShows
FNF:5
FNH:5
FNDA:7,getAllShows
FNDA:3,getShowDetails
FNDA:3,getShowSeason
FNDA:4,getShowCasts
FNDA:4,searchShows
DA:2,4
DA:4,7
DA:7,3
DA:11,3
DA:14,4
DA:17,4
LF:6
LH:6
BRF:0
BRH:0
end_of_record
TN:
SF:C:\Users\bsangani\Downloads\vuejs\tv_show_assessment\src\views\DisplayAllShows.vue
FN:60,(anonymous_1)
FN:69,(anonymous_2)
FN:70,(anonymous_3)
FN:76,(anonymous_4)
FN:77,(anonymous_5)
FN:82,(anonymous_6)
FN:83,(anonymous_7)
FN:90,(anonymous_8)
FN:99,(anonymous_9)
FN:100,(anonymous_10)
FNF:10
FNH:10
FNDA:6,(anonymous_1)
FNDA:6,(anonymous_2)
FNDA:1,(anonymous_3)
FNDA:9,(anonymous_4)
FNDA:9,(anonymous_5)
FNDA:9,(anonymous_6)
FNDA:9,(anonymous_7)
FNDA:27,(anonymous_8)
FNDA:12,(anonymous_9)
FNDA:33,(anonymous_10)
DA:56,3
DA:57,3
DA:61,6
DA:70,6
DA:71,1
DA:72,1
DA:77,18
DA:80,9
DA:83,9
DA:84,9
DA:90,27
DA:100,45
LF:12
LH:12
BRDA:100,0,0,1
BRDA:100,0,1,5
BRF:2
BRH:2
end_of_record
TN:
SF:C:\Users\bsangani\Downloads\vuejs\tv_show_assessment\tests\unit\api-data.js
FNF:0
FNH:0
DA:1,4
DA:22,4
DA:46,4
DA:70,4
DA:72,4
DA:118,4
DA:135,4
DA:187,4
DA:218,4
DA:263,4
DA:364,4
LF:11
LH:11
BRF:0
BRH:0
end_of_record
